<?xml version="1.0" encoding="UTF-8"?>
<!-- Generated by org.testng.reporters.JUnitXMLReporter -->
<testsuite ignored="0" hostname="IS-L5P16-RK" failures="0" tests="3" name="FactorlabLogin" time="44.403" errors="0" timestamp="2023-01-04T04:36:26 IST">
  <testcase classname="com.Factorlab.Tests.FactorlabLogin" name="TestLogin" time="44.38"/>
  <testcase classname="com.Factorlab.Tests.FactorlabLogin" name="Testsecond" time="0.0"/>
  <testcase classname="com.Factorlab.Tests.FactorlabLogin" name="Testthird" time="0.0"/>
</testsuite> <!-- FactorlabLogin -->
